D:\VISUAL STUDIO 2012\PROJECTS\算法项目\模糊搜索\中文模糊搜索\DEBUG\DEMO.OBJ
D:\VISUAL STUDIO 2012\PROJECTS\算法项目\模糊搜索\中文模糊搜索\DEBUG\VC110.PDB
D:\VISUAL STUDIO 2012\PROJECTS\算法项目\模糊搜索\DEBUG\中文模糊搜索.ILK
D:\VISUAL STUDIO 2012\PROJECTS\算法项目\模糊搜索\DEBUG\中文模糊搜索.EXE
D:\VISUAL STUDIO 2012\PROJECTS\算法项目\模糊搜索\DEBUG\中文模糊搜索.PDB
D:\Visual Studio 2012\Projects\算法项目\模糊搜索\中文模糊搜索\Debug\demo.obj
D:\Visual Studio 2012\Projects\算法项目\模糊搜索\中文模糊搜索\Debug\cl.command.1.tlog
D:\Visual Studio 2012\Projects\算法项目\模糊搜索\中文模糊搜索\Debug\CL.read.1.tlog
D:\Visual Studio 2012\Projects\算法项目\模糊搜索\中文模糊搜索\Debug\CL.write.1.tlog
D:\Visual Studio 2012\Projects\算法项目\模糊搜索\中文模糊搜索\Debug\link-cvtres.read.1.tlog
D:\Visual Studio 2012\Projects\算法项目\模糊搜索\中文模糊搜索\Debug\link-cvtres.write.1.tlog
D:\Visual Studio 2012\Projects\算法项目\模糊搜索\中文模糊搜索\Debug\link-rc.read.1.tlog
D:\Visual Studio 2012\Projects\算法项目\模糊搜索\中文模糊搜索\Debug\link-rc.write.1.tlog
D:\Visual Studio 2012\Projects\算法项目\模糊搜索\中文模糊搜索\Debug\link.command.1.tlog
D:\Visual Studio 2012\Projects\算法项目\模糊搜索\中文模糊搜索\Debug\link.read.1.tlog
D:\Visual Studio 2012\Projects\算法项目\模糊搜索\中文模糊搜索\Debug\link.write.1.tlog
D:\Visual Studio 2012\Projects\算法项目\模糊搜索\中文模糊搜索\Debug\vc110.idb
D:\Visual Studio 2012\Projects\算法项目\模糊搜索\中文模糊搜索\Debug\vc110.pdb
D:\Visual Studio 2012\Projects\算法项目\模糊搜索\Debug\中文模糊搜索.pdb
D:\Visual Studio 2012\Projects\算法项目\模糊搜索\Debug\中文模糊搜索.exe
D:\Visual Studio 2012\Projects\算法项目\模糊搜索\Debug\中文模糊搜索.ilk
