D:\VISUAL STUDIO 2012\PROJECTS\算法项目\模糊搜索\SEARCHDEMO3\DEBUG\DEMO.OBJ
D:\VISUAL STUDIO 2012\PROJECTS\算法项目\模糊搜索\SEARCHDEMO3\DEBUG\VC110.PDB
D:\VISUAL STUDIO 2012\PROJECTS\算法项目\模糊搜索\DEBUG\SEARCHDEMO3.ILK
D:\VISUAL STUDIO 2012\PROJECTS\算法项目\模糊搜索\DEBUG\SEARCHDEMO3.EXE
D:\VISUAL STUDIO 2012\PROJECTS\算法项目\模糊搜索\DEBUG\SEARCHDEMO3.PDB
D:\Visual Studio 2012\Projects\算法项目\模糊搜索\searchDemo3\Debug\demo.obj
D:\Visual Studio 2012\Projects\算法项目\模糊搜索\searchDemo3\Debug\cl.command.1.tlog
D:\Visual Studio 2012\Projects\算法项目\模糊搜索\searchDemo3\Debug\CL.read.1.tlog
D:\Visual Studio 2012\Projects\算法项目\模糊搜索\searchDemo3\Debug\CL.write.1.tlog
D:\Visual Studio 2012\Projects\算法项目\模糊搜索\searchDemo3\Debug\link-cvtres.read.1.tlog
D:\Visual Studio 2012\Projects\算法项目\模糊搜索\searchDemo3\Debug\link-cvtres.write.1.tlog
D:\Visual Studio 2012\Projects\算法项目\模糊搜索\searchDemo3\Debug\link-rc.read.1.tlog
D:\Visual Studio 2012\Projects\算法项目\模糊搜索\searchDemo3\Debug\link-rc.write.1.tlog
D:\Visual Studio 2012\Projects\算法项目\模糊搜索\searchDemo3\Debug\link.command.1.tlog
D:\Visual Studio 2012\Projects\算法项目\模糊搜索\searchDemo3\Debug\link.read.1.tlog
D:\Visual Studio 2012\Projects\算法项目\模糊搜索\searchDemo3\Debug\link.write.1.tlog
D:\Visual Studio 2012\Projects\算法项目\模糊搜索\searchDemo3\Debug\vc110.idb
D:\Visual Studio 2012\Projects\算法项目\模糊搜索\searchDemo3\Debug\vc110.pdb
D:\Visual Studio 2012\Projects\算法项目\模糊搜索\Debug\searchDemo3.pdb
D:\Visual Studio 2012\Projects\算法项目\模糊搜索\Debug\searchDemo3.exe
D:\Visual Studio 2012\Projects\算法项目\模糊搜索\Debug\searchDemo3.ilk
